#
# There is insufficient memory for the Java Runtime Environment to continue.
# Native memory allocation (malloc) failed to allocate 524304 bytes for Chunk::new
# Possible reasons:
#   The system is out of physical RAM or swap space
#   In 32 bit mode, the process size limit was hit
# Possible solutions:
#   Reduce memory load on the system
#   Increase physical memory or swap space
#   Check if swap backing store is full
#   Use 64 bit Java on a 64 bit OS
#   Decrease Java heap size (-Xmx/-Xms)
#   Decrease number of Java threads
#   Decrease Java thread stack sizes (-Xss)
#   Set larger code cache with -XX:ReservedCodeCacheSize=
# This output file may be truncated or incomplete.
#
#  Out of Memory Error (allocation.cpp:390), pid=16108, tid=0x0000000000002e94
#
# JRE version: OpenJDK Runtime Environment (8.0_152-b02) (build 1.8.0_152-release-1024-b02)
# Java VM: OpenJDK 64-Bit Server VM (25.152-b02 mixed mode windows-amd64 compressed oops)
# Failed to write core dump. Minidumps are not enabled by default on client versions of Windows
#

---------------  T H R E A D  ---------------

Current thread (0x0000000018e28800):  JavaThread "C2 CompilerThread1" daemon [_thread_in_native, id=11924, stack(0x0000000019620000,0x0000000019720000)]

Stack: [0x0000000019620000,0x0000000019720000]
[error occurred during error reporting (printing stack bounds), id 0xc0000005]

Native frames: (J=compiled Java code, j=interpreted, Vv=VM code, C=native code)


Current CompileTask:
C2:   3573 1805   !   4       java.net.URLClassLoader$1::run (63 bytes)


---------------  P R O C E S S  ---------------

Java Threads: ( => current thread )
  0x000000001c6b1000 JavaThread "Cache worker for file hash cache (C:\Users\guswn\AndroidStudioProjects\WorkoutLog\.gradle\4.4\fileHashes)" [_thread_blocked, id=10344, stack(0x000000001d490000,0x000000001d590000)]
  0x000000001ae07000 JavaThread "File lock request listener" [_thread_in_native, id=17412, stack(0x000000001c3c0000,0x000000001c4c0000)]
  0x000000001af5d800 JavaThread "Cache worker for file hash cache (C:\Users\guswn\.gradle\caches\4.4\fileHashes)" [_thread_blocked, id=17316, stack(0x000000001c2c0000,0x000000001c3c0000)]
  0x000000001ad21000 JavaThread "Stdin handler" [_thread_blocked, id=13948, stack(0x000000001bfc0000,0x000000001c0c0000)]
  0x000000001ad20000 JavaThread "Asynchronous log dispatcher for DefaultDaemonConnection: socket connection from /127.0.0.1:13090 to /127.0.0.1:13091" [_thread_blocked, id=18112, stack(0x000000001bdc0000,0x000000001bec0000)]
  0x000000001ad0b000 JavaThread "Daemon worker" [_thread_in_vm, id=4172, stack(0x000000001bcc0000,0x000000001bdc0000)]
  0x000000001ad03800 JavaThread "Cancel handler" [_thread_blocked, id=13912, stack(0x000000001bbc0000,0x000000001bcc0000)]
  0x000000001ab95800 JavaThread "Handler for socket connection from /127.0.0.1:13090 to /127.0.0.1:13091" [_thread_in_native, id=17284, stack(0x000000001b8c0000,0x000000001b9c0000)]
  0x000000001ab92800 JavaThread "Daemon" [_thread_blocked, id=15120, stack(0x000000001b7c0000,0x000000001b8c0000)]
  0x000000001aaf1000 JavaThread "Daemon periodic checks" [_thread_blocked, id=14004, stack(0x000000001b6c0000,0x000000001b7c0000)]
  0x000000001abdf000 JavaThread "Incoming local TCP Connector on port 13090" [_thread_in_native, id=12812, stack(0x000000001b4f0000,0x000000001b5f0000)]
  0x0000000018eb1800 JavaThread "Service Thread" daemon [_thread_blocked, id=9988, stack(0x0000000019920000,0x0000000019a20000)]
  0x0000000018e2d800 JavaThread "C1 CompilerThread3" daemon [_thread_blocked, id=15204, stack(0x0000000019820000,0x0000000019920000)]
  0x0000000018e2e800 JavaThread "C2 CompilerThread2" daemon [_thread_blocked, id=9748, stack(0x0000000019720000,0x0000000019820000)]
=>0x0000000018e28800 JavaThread "C2 CompilerThread1" daemon [_thread_in_native, id=11924, stack(0x0000000019620000,0x0000000019720000)]
  0x0000000018e20800 JavaThread "C2 CompilerThread0" daemon [_thread_in_native, id=9756, stack(0x0000000019520000,0x0000000019620000)]
  0x0000000018e1f000 JavaThread "Attach Listener" daemon [_thread_blocked, id=13088, stack(0x0000000019420000,0x0000000019520000)]
  0x0000000018dd2800 JavaThread "Signal Dispatcher" daemon [_thread_blocked, id=1844, stack(0x0000000019320000,0x0000000019420000)]
  0x0000000018db0800 JavaThread "Finalizer" daemon [_thread_blocked, id=4032, stack(0x0000000019190000,0x0000000019290000)]
  0x0000000003108000 JavaThread "Reference Handler" daemon [_thread_blocked, id=6972, stack(0x0000000018c90000,0x0000000018d90000)]
  0x000000000300e000 JavaThread "main" [_thread_blocked, id=4620, stack(0x0000000002ec0000,0x0000000002fc0000)]

Other Threads:
  0x0000000016ec5000 VMThread [stack: 0x0000000018b90000,0x0000000018c90000] [id=15624]
  0x0000000018eb2800 WatcherThread [stack: 0x0000000019a20000,0x0000000019b20000] [id=18072]

VM state:not at safepoint (normal execution)

VM Mutex/Monitor currently owned by a thread: None

Heap:
 PSYoungGen      total 76288K, used 29579K [0x00000000e0000000, 0x00000000e9500000, 0x0000000100000000)
  eden space 65536K, 45% used [0x00000000e0000000,0x00000000e1ce2cf0,0x00000000e4000000)
  from space 10752K, 0% used [0x00000000e4000000,0x00000000e4000000,0x00000000e4a80000)
  to   space 10752K, 0% used [0x00000000e8a80000,0x00000000e8a80000,0x00000000e9500000)
 ParOldGen       total 103936K, used 8536K [0x00000000a0000000, 0x00000000a6580000, 0x00000000e0000000)
  object space 103936K, 8% used [0x00000000a0000000,0x00000000a0856210,0x00000000a6580000)
 Metaspace       used 23630K, capacity 24140K, committed 24448K, reserved 1071104K
  class space    used 3225K, capacity 3371K, committed 3456K, reserved 1048576K

Card table byte_map: [0x00000000124d0000,0x00000000127e0000] byte_map_base: 0x0000000011fd0000

Marking Bits: (ParMarkBitMap*) 0x0000000076d54970
 Begin Bits: [0x00000000131e0000, 0x00000000149e0000)
 End Bits:   [0x00000000149e0000, 0x00000000161e0000)

Polling page: 0x0000000002aa0000

CodeCache: size=245760Kb used=7548Kb max_used=7554Kb free=238211Kb
 bounds [0x0000000003110000, 0x0000000003880000, 0x0000000012110000]
 total_blobs=2572 nmethods=1941 adapters=544
 compilation: enabled

Compilation events (10 events):
Event: 3.559 Thread 0x0000000018e2d800 1940       3       sun.reflect.generics.parser.SignatureParser::parseClassTypeSignatureSuffix (29 bytes)
Event: 3.560 Thread 0x0000000018e2d800 nmethod 1940 0x000000000386e810 code [0x000000000386e9c0, 0x000000000386ed38]
Event: 3.560 Thread 0x0000000018e2d800 1941       3       sun.reflect.generics.tree.ClassTypeSignature::make (9 bytes)
Event: 3.560 Thread 0x0000000018e2d800 nmethod 1941 0x000000000386ee90 code [0x000000000386f000, 0x000000000386f250]
Event: 3.560 Thread 0x0000000018e2d800 1942       3       sun.reflect.generics.tree.ClassTypeSignature::<init> (10 bytes)
Event: 3.560 Thread 0x0000000018e2d800 nmethod 1942 0x000000000386f350 code [0x000000000386f4a0, 0x000000000386f670]
Event: 3.560 Thread 0x0000000018e2d800 1943       3       com.google.common.collect.ImmutableMap::checkNoConflict (50 bytes)
Event: 3.561 Thread 0x0000000018e2d800 nmethod 1943 0x000000000386f710 code [0x000000000386f9a0, 0x0000000003870ad8]
Event: 3.561 Thread 0x0000000018e2d800 1944       1       sun.reflect.generics.reflectiveObjects.TypeVariableImpl::getName (5 bytes)
Event: 3.561 Thread 0x0000000018e2d800 nmethod 1944 0x0000000003867ed0 code [0x0000000003868020, 0x0000000003868130]

GC Heap History (8 events):
Event: 1.887 GC heap before
{Heap before GC invocations=1 (full 0):
 PSYoungGen      total 76288K, used 65536K [0x00000000e0000000, 0x00000000e5500000, 0x0000000100000000)
  eden space 65536K, 100% used [0x00000000e0000000,0x00000000e4000000,0x00000000e4000000)
  from space 10752K, 0% used [0x00000000e4a80000,0x00000000e4a80000,0x00000000e5500000)
  to   space 10752K, 0% used [0x00000000e4000000,0x00000000e4000000,0x00000000e4a80000)
 ParOldGen       total 175104K, used 0K [0x00000000a0000000, 0x00000000aab00000, 0x00000000e0000000)
  object space 175104K, 0% used [0x00000000a0000000,0x00000000a0000000,0x00000000aab00000)
 Metaspace       used 10620K, capacity 10932K, committed 11008K, reserved 1058816K
  class space    used 1389K, capacity 1490K, committed 1536K, reserved 1048576K
Event: 1.893 GC heap after
Heap after GC invocations=1 (full 0):
 PSYoungGen      total 76288K, used 7900K [0x00000000e0000000, 0x00000000e5500000, 0x0000000100000000)
  eden space 65536K, 0% used [0x00000000e0000000,0x00000000e0000000,0x00000000e4000000)
  from space 10752K, 73% used [0x00000000e4000000,0x00000000e47b73c8,0x00000000e4a80000)
  to   space 10752K, 0% used [0x00000000e4a80000,0x00000000e4a80000,0x00000000e5500000)
 ParOldGen       total 175104K, used 16K [0x00000000a0000000, 0x00000000aab00000, 0x00000000e0000000)
  object space 175104K, 0% used [0x00000000a0000000,0x00000000a0004000,0x00000000aab00000)
 Metaspace       used 10620K, capacity 10932K, committed 11008K, reserved 1058816K
  class space    used 1389K, capacity 1490K, committed 1536K, reserved 1048576K
}
Event: 2.768 GC heap before
{Heap before GC invocations=2 (full 0):
 PSYoungGen      total 76288K, used 73436K [0x00000000e0000000, 0x00000000e5500000, 0x0000000100000000)
  eden space 65536K, 100% used [0x00000000e0000000,0x00000000e4000000,0x00000000e4000000)
  from space 10752K, 73% used [0x00000000e4000000,0x00000000e47b73c8,0x00000000e4a80000)
  to   space 10752K, 0% used [0x00000000e4a80000,0x00000000e4a80000,0x00000000e5500000)
 ParOldGen       total 175104K, used 16K [0x00000000a0000000, 0x00000000aab00000, 0x00000000e0000000)
  object space 175104K, 0% used [0x00000000a0000000,0x00000000a0004000,0x00000000aab00000)
 Metaspace       used 17119K, capacity 17498K, committed 17792K, reserved 1064960K
  class space    used 2458K, capacity 2579K, committed 2688K, reserved 1048576K
Event: 2.781 GC heap after
Heap after GC invocations=2 (full 0):
 PSYoungGen      total 76288K, used 10723K [0x00000000e0000000, 0x00000000e5500000, 0x0000000100000000)
  eden space 65536K, 0% used [0x00000000e0000000,0x00000000e0000000,0x00000000e4000000)
  from space 10752K, 99% used [0x00000000e4a80000,0x00000000e54f8eb0,0x00000000e5500000)
  to   space 10752K, 0% used [0x00000000e4000000,0x00000000e4000000,0x00000000e4a80000)
 ParOldGen       total 175104K, used 348K [0x00000000a0000000, 0x00000000aab00000, 0x00000000e0000000)
  object space 175104K, 0% used [0x00000000a0000000,0x00000000a0057328,0x00000000aab00000)
 Metaspace       used 17119K, capacity 17498K, committed 17792K, reserved 1064960K
  class space    used 2458K, capacity 2579K, committed 2688K, reserved 1048576K
}
Event: 3.047 GC heap before
{Heap before GC invocations=3 (full 0):
 PSYoungGen      total 76288K, used 29760K [0x00000000e0000000, 0x00000000e5500000, 0x0000000100000000)
  eden space 65536K, 29% used [0x00000000e0000000,0x00000000e1297288,0x00000000e4000000)
  from space 10752K, 99% used [0x00000000e4a80000,0x00000000e54f8eb0,0x00000000e5500000)
  to   space 10752K, 0% used [0x00000000e4000000,0x00000000e4000000,0x00000000e4a80000)
 ParOldGen       total 175104K, used 348K [0x00000000a0000000, 0x00000000aab00000, 0x00000000e0000000)
  object space 175104K, 0% used [0x00000000a0000000,0x00000000a0057328,0x00000000aab00000)
 Metaspace       used 20787K, capacity 21212K, committed 21248K, reserved 1067008K
  class space    used 2895K, capacity 3042K, committed 3072K, reserved 1048576K
Event: 3.056 GC heap after
Heap after GC invocations=3 (full 0):
 PSYoungGen      total 76288K, used 8725K [0x00000000e0000000, 0x00000000e9500000, 0x0000000100000000)
  eden space 65536K, 0% used [0x00000000e0000000,0x00000000e0000000,0x00000000e4000000)
  from space 10752K, 81% used [0x00000000e4000000,0x00000000e4885460,0x00000000e4a80000)
  to   space 10752K, 0% used [0x00000000e8a80000,0x00000000e8a80000,0x00000000e9500000)
 ParOldGen       total 175104K, used 356K [0x00000000a0000000, 0x00000000aab00000, 0x00000000e0000000)
  object space 175104K, 0% used [0x00000000a0000000,0x00000000a0059328,0x00000000aab00000)
 Metaspace       used 20787K, capacity 21212K, committed 21248K, reserved 1067008K
  class space    used 2895K, capacity 3042K, committed 3072K, reserved 1048576K
}
Event: 3.056 GC heap before
{Heap before GC invocations=4 (full 1):
 PSYoungGen      total 76288K, used 8725K [0x00000000e0000000, 0x00000000e9500000, 0x0000000100000000)
  eden space 65536K, 0% used [0x00000000e0000000,0x00000000e0000000,0x00000000e4000000)
  from space 10752K, 81% used [0x00000000e4000000,0x00000000e4885460,0x00000000e4a80000)
  to   space 10752K, 0% used [0x00000000e8a80000,0x00000000e8a80000,0x00000000e9500000)
 ParOldGen       total 175104K, used 356K [0x00000000a0000000, 0x00000000aab00000, 0x00000000e0000000)
  object space 175104K, 0% used [0x00000000a0000000,0x00000000a0059328,0x00000000aab00000)
 Metaspace       used 20787K, capacity 21212K, committed 21248K, reserved 1067008K
  class space    used 2895K, capacity 3042K, committed 3072K, reserved 1048576K
Event: 3.095 GC heap after
Heap after GC invocations=4 (full 1):
 PSYoungGen      total 76288K, used 0K [0x00000000e0000000, 0x00000000e9500000, 0x0000000100000000)
  eden space 65536K, 0% used [0x00000000e0000000,0x00000000e0000000,0x00000000e4000000)
  from space 10752K, 0% used [0x00000000e4000000,0x00000000e4000000,0x00000000e4a80000)
  to   space 10752K, 0% used [0x00000000e8a80000,0x00000000e8a80000,0x00000000e9500000)
 ParOldGen       total 103936K, used 8536K [0x00000000a0000000, 0x00000000a6580000, 0x00000000e0000000)
  object space 103936K, 8% used [0x00000000a0000000,0x00000000a0856210,0x00000000a6580000)
 Metaspace       used 20787K, capacity 21212K, committed 21248K, reserved 1067008K
  class space    used 2895K, capacity 3042K, committed 3072K, reserved 1048576K
}

Deoptimization events (10 events):
Event: 2.811 Thread 0x000000001ad0b000 Uncommon trap: reason=bimorphic action=maybe_recompile pc=0x00000000035a35dc method=java.lang.ClassLoader.loadClass(Ljava/lang/String;Z)Ljava/lang/Class; @ 38
Event: 3.164 Thread 0x000000001ad0b000 Uncommon trap: reason=unstable_if action=reinterpret pc=0x00000000033f3488 method=java.lang.AbstractStringBuilder.append(Ljava/lang/String;)Ljava/lang/AbstractStringBuilder; @ 1
Event: 3.164 Thread 0x000000001ad0b000 Uncommon trap: reason=unstable_if action=reinterpret pc=0x000000000332a570 method=java.lang.AbstractStringBuilder.append(Ljava/lang/String;)Ljava/lang/AbstractStringBuilder; @ 1
Event: 3.228 Thread 0x000000001ad0b000 Uncommon trap: reason=class_check action=maybe_recompile pc=0x00000000032e59c4 method=sun.misc.URLClassPath.getLoader(I)Lsun/misc/URLClassPath$Loader; @ 94
Event: 3.228 Thread 0x000000001ad0b000 Uncommon trap: reason=class_check action=maybe_recompile pc=0x00000000036b1af0 method=sun.misc.URLClassPath.getResource(Ljava/lang/String;Z)Lsun/misc/Resource; @ 62
Event: 3.231 Thread 0x000000001ad0b000 Uncommon trap: reason=unstable_if action=reinterpret pc=0x0000000003655044 method=java.lang.ClassLoader.getClassLoadingLock(Ljava/lang/String;)Ljava/lang/Object; @ 6
Event: 3.259 Thread 0x000000001ad0b000 Uncommon trap: reason=class_check action=maybe_recompile pc=0x00000000032e5b64 method=sun.misc.URLClassPath.getLoader(I)Lsun/misc/URLClassPath$Loader; @ 239
Event: 3.270 Thread 0x000000001ad0b000 Uncommon trap: reason=class_check action=maybe_recompile pc=0x00000000032e5b64 method=sun.misc.URLClassPath.getLoader(I)Lsun/misc/URLClassPath$Loader; @ 239
Event: 3.492 Thread 0x000000001ad0b000 Uncommon trap: reason=unstable_if action=reinterpret pc=0x00000000035310a0 method=java.util.HashMap.hash(Ljava/lang/Object;)I @ 1
Event: 3.492 Thread 0x000000001ad0b000 Uncommon trap: reason=unstable_if action=reinterpret pc=0x00000000034256e8 method=java.util.HashMap.hash(Ljava/lang/Object;)I @ 1

Classes redefined (0 events):
No events

Internal exceptions (10 events):
Event: 3.336 Thread 0x000000001ad0b000 Exception <a 'java/lang/ClassNotFoundException': org/gradle/api/internal/project/AbstractPluginAwareBeanInfo> (0x00000000e0ea2408) thrown at [D:\src\AOSP-openjdk-cygwin\jdk8u\hotspot\src\share\vm\classfile\systemDictionary.cpp, line 210]
Event: 3.337 Thread 0x000000001ad0b000 Exception <a 'java/lang/ClassNotFoundException': org/gradle/api/internal/project/AbstractPluginAwareCustomizer> (0x00000000e0eca530) thrown at [D:\src\AOSP-openjdk-cygwin\jdk8u\hotspot\src\share\vm\classfile\systemDictionary.cpp, line 210]
Event: 3.343 Thread 0x000000001ad0b000 Exception <a 'java/lang/ClassNotFoundException': org/gradle/initialization/DefaultSettingsCustomizer> (0x00000000e0ef62e0) thrown at [D:\src\AOSP-openjdk-cygwin\jdk8u\hotspot\src\share\vm\classfile\systemDictionary.cpp, line 210]
Event: 3.346 Thread 0x000000001ad0b000 Exception <a 'java/lang/ClassNotFoundException': org/gradle/initialization/DefaultSettings_DecoratedCustomizer> (0x00000000e0f52148) thrown at [D:\src\AOSP-openjdk-cygwin\jdk8u\hotspot\src\share\vm\classfile\systemDictionary.cpp, line 210]
Event: 3.360 Thread 0x000000001ad0b000 Exception <a 'java/lang/NoSuchMethodError': <clinit>> (0x00000000e1006320) thrown at [D:\src\AOSP-openjdk-cygwin\jdk8u\hotspot\src\share\vm\prims\jni.cpp, line 1613]
Event: 3.363 Thread 0x000000001ad0b000 Exception <a 'java/lang/NoSuchMethodError': <clinit>> (0x00000000e102bbf8) thrown at [D:\src\AOSP-openjdk-cygwin\jdk8u\hotspot\src\share\vm\prims\jni.cpp, line 1613]
Event: 3.363 Thread 0x000000001ad0b000 Exception <a 'java/lang/NoSuchMethodError': <clinit>> (0x00000000e102d0b0) thrown at [D:\src\AOSP-openjdk-cygwin\jdk8u\hotspot\src\share\vm\prims\jni.cpp, line 1613]
Event: 3.363 Thread 0x000000001ad0b000 Exception <a 'java/lang/NoSuchMethodError': <clinit>> (0x00000000e102ee10) thrown at [D:\src\AOSP-openjdk-cygwin\jdk8u\hotspot\src\share\vm\prims\jni.cpp, line 1613]
Event: 3.492 Thread 0x000000001ad0b000 Implicit null exception at 0x0000000003530e95 to 0x0000000003531091
Event: 3.492 Thread 0x000000001ad0b000 Implicit null exception at 0x000000000342566f to 0x00000000034256d9

Events (10 events):
Event: 3.560 loading class org/gradle/model/Validate
Event: 3.560 loading class org/gradle/model/Validate done
Event: 3.560 loading class org/gradle/model/internal/inspect/RuleDefinitionRuleExtractor
Event: 3.560 loading class org/gradle/model/internal/inspect/RuleDefinitionRuleExtractor done
Event: 3.561 loading class org/gradle/model/Rules
Event: 3.561 loading class org/gradle/model/Rules done
Event: 3.561 loading class org/gradle/model/internal/inspect/MethodModelRuleExtractionContext
Event: 3.561 loading class org/gradle/model/internal/inspect/MethodModelRuleExtractionContext done
Event: 3.562 loading class org/gradle/model/internal/inspect/ModelRuleExtractor$AbstractRuleSourceFactory
Event: 3.562 loading class org/gradle/model/internal/inspect/ModelRuleExtractor$AbstractRuleSourceFactory done


Dynamic libraries:
0x00007ff6e8760000 - 0x00007ff6e8791000 	C:\Program Files\Android\Android Studio\jre\bin\java.exe
0x00007fff67450000 - 0x00007fff67631000 	C:\WINDOWS\SYSTEM32\ntdll.dll
0x00007fff66cb0000 - 0x00007fff66d62000 	C:\WINDOWS\System32\KERNEL32.DLL
0x00007fff640d0000 - 0x00007fff64343000 	C:\WINDOWS\System32\KERNELBASE.dll
0x00007fff64c10000 - 0x00007fff64cb1000 	C:\WINDOWS\System32\ADVAPI32.dll
0x00007fff64940000 - 0x00007fff649de000 	C:\WINDOWS\System32\msvcrt.dll
0x00007fff66c20000 - 0x00007fff66c7b000 	C:\WINDOWS\System32\sechost.dll
0x00007fff67250000 - 0x00007fff67374000 	C:\WINDOWS\System32\RPCRT4.dll
0x00007fff66550000 - 0x00007fff666e0000 	C:\WINDOWS\System32\USER32.dll
0x00007fff645a0000 - 0x00007fff645c0000 	C:\WINDOWS\System32\win32u.dll
0x00007fff64a90000 - 0x00007fff64ab8000 	C:\WINDOWS\System32\GDI32.dll
0x00007fff645c0000 - 0x00007fff64752000 	C:\WINDOWS\System32\gdi32full.dll
0x00007fff64030000 - 0x00007fff640cf000 	C:\WINDOWS\System32\msvcp_win.dll
0x00007fff647e0000 - 0x00007fff648da000 	C:\WINDOWS\System32\ucrtbase.dll
0x00007fff592a0000 - 0x00007fff59509000 	C:\WINDOWS\WinSxS\amd64_microsoft.windows.common-controls_6595b64144ccf1df_6.0.17134.285_none_fb4297e330656775\COMCTL32.dll
0x00007fff666e0000 - 0x00007fff66a03000 	C:\WINDOWS\System32\combase.dll
0x00007fff64760000 - 0x00007fff647da000 	C:\WINDOWS\System32\bcryptPrimitives.dll
0x00007fff66c80000 - 0x00007fff66cad000 	C:\WINDOWS\System32\IMM32.DLL
0x0000000077430000 - 0x0000000077502000 	C:\Program Files\Android\Android Studio\jre\jre\bin\msvcr100.dll
0x0000000076590000 - 0x0000000076dcf000 	C:\Program Files\Android\Android Studio\jre\jre\bin\server\jvm.dll
0x00007fff66a70000 - 0x00007fff66a78000 	C:\WINDOWS\System32\PSAPI.DLL
0x00007fff50620000 - 0x00007fff50629000 	C:\WINDOWS\SYSTEM32\WSOCK32.dll
0x00007fff5ebf0000 - 0x00007fff5ebfa000 	C:\WINDOWS\SYSTEM32\VERSION.dll
0x00007fff601a0000 - 0x00007fff601c3000 	C:\WINDOWS\SYSTEM32\WINMM.dll
0x00007fff64ac0000 - 0x00007fff64b2c000 	C:\WINDOWS\System32\WS2_32.dll
0x00007fff60130000 - 0x00007fff6015a000 	C:\WINDOWS\SYSTEM32\winmmbase.dll
0x00007fff63f30000 - 0x00007fff63f79000 	C:\WINDOWS\System32\cfgmgr32.dll
0x00007fff5d7d0000 - 0x00007fff5d7df000 	C:\Program Files\Android\Android Studio\jre\jre\bin\verify.dll
0x00007fff59cd0000 - 0x00007fff59cf9000 	C:\Program Files\Android\Android Studio\jre\jre\bin\java.dll
0x00007fff59cb0000 - 0x00007fff59cc6000 	C:\Program Files\Android\Android Studio\jre\jre\bin\zip.dll
0x00007fff65110000 - 0x00007fff66550000 	C:\WINDOWS\System32\SHELL32.dll
0x00007fff649e0000 - 0x00007fff64a89000 	C:\WINDOWS\System32\shcore.dll
0x00007fff63820000 - 0x00007fff63f2d000 	C:\WINDOWS\System32\windows.storage.dll
0x00007fff648e0000 - 0x00007fff64931000 	C:\WINDOWS\System32\shlwapi.dll
0x00007fff63760000 - 0x00007fff63771000 	C:\WINDOWS\System32\kernel.appcore.dll
0x00007fff637b0000 - 0x00007fff637cf000 	C:\WINDOWS\System32\profapi.dll
0x00007fff637d0000 - 0x00007fff6381c000 	C:\WINDOWS\System32\powrprof.dll
0x00007fff63780000 - 0x00007fff6378a000 	C:\WINDOWS\System32\FLTLIB.DLL
0x00007fff59c60000 - 0x00007fff59c7a000 	C:\Program Files\Android\Android Studio\jre\jre\bin\net.dll
0x00007fff62fe0000 - 0x00007fff63046000 	C:\WINDOWS\system32\mswsock.dll
0x00007fff59c40000 - 0x00007fff59c51000 	C:\Program Files\Android\Android Studio\jre\jre\bin\nio.dll
0x00007fff614f0000 - 0x00007fff6150e000 	C:\Users\guswn\.gradle\native\25\windows-amd64\native-platform.dll
0x00007fff59eb0000 - 0x00007fff59ebd000 	C:\Program Files\Android\Android Studio\jre\jre\bin\management.dll
0x00007fff63190000 - 0x00007fff631a7000 	C:\WINDOWS\SYSTEM32\CRYPTSP.dll
0x00007fff62bc0000 - 0x00007fff62bf3000 	C:\WINDOWS\system32\rsaenh.dll
0x00007fff632c0000 - 0x00007fff632e5000 	C:\WINDOWS\SYSTEM32\bcrypt.dll
0x00007fff63690000 - 0x00007fff636b8000 	C:\WINDOWS\SYSTEM32\USERENV.dll
0x00007fff631b0000 - 0x00007fff631bb000 	C:\WINDOWS\SYSTEM32\CRYPTBASE.dll
0x00007fff62d60000 - 0x00007fff62d98000 	C:\WINDOWS\SYSTEM32\IPHLPAPI.DLL
0x00007fff64c00000 - 0x00007fff64c08000 	C:\WINDOWS\System32\NSI.dll
0x00007fff5a040000 - 0x00007fff5a056000 	C:\WINDOWS\SYSTEM32\dhcpcsvc6.DLL
0x00007fff5a020000 - 0x00007fff5a03a000 	C:\WINDOWS\SYSTEM32\dhcpcsvc.DLL

VM Arguments:
jvm_args: -Xmx1536m -Dfile.encoding=x-windows-949 -Duser.country=KR -Duser.language=ko -Duser.variant 
java_command: org.gradle.launcher.daemon.bootstrap.GradleDaemon 4.4
java_class_path (initial): C:\Users\guswn\.gradle\wrapper\dists\gradle-4.4-all\9br9xq1tocpiv8o6njlyu5op1\gradle-4.4\lib\gradle-launcher-4.4.jar
Launcher Type: SUN_STANDARD

Environment Variables:
JAVA_HOME=C:\Program Files\Java\jdk-10.0.1
CLASSPATH=%classpath%;.;.;.
PATH=C:\Program Files (x86)\Common Files\Oracle\Java\javapath;C:\WINDOWS\system32;C:\WINDOWS;C:\WINDOWS\System32\Wbem;C:\WINDOWS\System32\WindowsPowerShell\v1.0\;C:\WINDOWS\System32\OpenSSH\;C:\Program Files\Java\jdk-10.0.1\bin;C:\Users\guswn\AppData\Local\Microsoft\WindowsApps;C:\Program Files\Bandizip\;
USERNAME=guswn
OS=Windows_NT
PROCESSOR_IDENTIFIER=Intel64 Family 6 Model 60 Stepping 3, GenuineIntel



---------------  S Y S T E M  ---------------

OS: Windows 10.0 , 64 bit Build 17134 (10.0.17134.1)

CPU:total 8 (initial active 8) (4 cores per cpu, 2 threads per core) family 6 model 60 stepping 3, cmov, cx8, fxsr, mmx, sse, sse2, sse3, ssse3, sse4.1, sse4.2, popcnt, avx, avx2, aes, clmul, erms, lzcnt, ht, tsc, tscinvbit, bmi1, bmi2

Memory: 4k page, physical 16653224k(2334268k free), swap 32154184k(4692k free)

vm_info: OpenJDK 64-Bit Server VM (25.152-b02) for windows-amd64 JRE (1.8.0_152-release-1024-b02), built by "builder" with MS VC++ 10.0 (VS2010)

time: Sat Sep 29 16:49:30 2018
elapsed time: 3 seconds (0d 0h 0m 3s)

